{"level":"error","message":"Fri Oct 18 2024 17:23:31 GMT+0300 (GMT+03:00)-Bad Request Error-Duplicated email in body.","private":true}
{"level":"error","message":"Fri Oct 18 2024 19:24:52 GMT+0300 (GMT+03:00)-Bad Request Error-Failed to fetch media from S3","private":true}
{"level":"error","message":"Fri Oct 18 2024 19:32:34 GMT+0300 (GMT+03:00)-Bad Request Error-Failed to fetch media from S3","private":true}
{"level":"error","message":"Fri Oct 18 2024 19:32:53 GMT+0300 (GMT+03:00)-Bad Request Error-Failed to fetch media from S3","private":true}
{"level":"error","message":"Sun Oct 20 2024 17:40:36 GMT+0300 (GMT+03:00)-Bad Request Error-Failed to fetch media from S3","private":true}
{"level":"error","message":"Sun Oct 20 2024 18:14:23 GMT+0300 (GMT+03:00)-Bad Request Error-Password incorrect!","private":true}
{"level":"error","message":"Sun Oct 20 2024 18:16:06 GMT+0300 (GMT+03:00)-Bad Request Error-BSONError: input must be a 24 character hex string, 12 byte Uint8Array, or an integer","private":true}
{"level":"error","message":"Sun Oct 20 2024 18:16:47 GMT+0300 (GMT+03:00)-Bad Request Error-BSONError: input must be a 24 character hex string, 12 byte Uint8Array, or an integer","private":true}
{"level":"error","message":"Sun Oct 20 2024 18:16:48 GMT+0300 (GMT+03:00)-Bad Request Error-BSONError: input must be a 24 character hex string, 12 byte Uint8Array, or an integer","private":true}
{"level":"error","message":"Sun Oct 20 2024 18:16:48 GMT+0300 (GMT+03:00)-Bad Request Error-BSONError: input must be a 24 character hex string, 12 byte Uint8Array, or an integer","private":true}
{"level":"error","message":"Sun Oct 20 2024 18:16:49 GMT+0300 (GMT+03:00)-Bad Request Error-BSONError: input must be a 24 character hex string, 12 byte Uint8Array, or an integer","private":true}
{"level":"error","message":"Sun Oct 20 2024 18:16:49 GMT+0300 (GMT+03:00)-Bad Request Error-BSONError: input must be a 24 character hex string, 12 byte Uint8Array, or an integer","private":true}
{"level":"error","message":"Sun Oct 20 2024 18:16:49 GMT+0300 (GMT+03:00)-Bad Request Error-BSONError: input must be a 24 character hex string, 12 byte Uint8Array, or an integer","private":true}
{"level":"error","message":"Sun Oct 20 2024 18:17:12 GMT+0300 (GMT+03:00)-Bad Request Error-BSONError: input must be a 24 character hex string, 12 byte Uint8Array, or an integer","private":true}
{"level":"error","message":"Sun Oct 20 2024 18:17:49 GMT+0300 (GMT+03:00)-Bad Request Error-BSONError: input must be a 24 character hex string, 12 byte Uint8Array, or an integer","private":true}
{"level":"error","message":"Sun Oct 20 2024 18:17:50 GMT+0300 (GMT+03:00)-Bad Request Error-BSONError: input must be a 24 character hex string, 12 byte Uint8Array, or an integer","private":true}
{"level":"error","message":"Sun Oct 20 2024 18:18:19 GMT+0300 (GMT+03:00)-Bad Request Error-BSONError: input must be a 24 character hex string, 12 byte Uint8Array, or an integer","private":true}
{"level":"error","message":"Sun Oct 20 2024 18:18:53 GMT+0300 (GMT+03:00)-Bad Request Error-BSONError: input must be a 24 character hex string, 12 byte Uint8Array, or an integer","private":true}
{"level":"error","message":"Sun Oct 20 2024 18:19:19 GMT+0300 (GMT+03:00)-Bad Request Error-BSONError: input must be a 24 character hex string, 12 byte Uint8Array, or an integer","private":true}
{"level":"error","message":"Sun Oct 20 2024 18:19:32 GMT+0300 (GMT+03:00)-Bad Request Error-BSONError: input must be a 24 character hex string, 12 byte Uint8Array, or an integer","private":true}
{"level":"error","message":"Sun Oct 20 2024 18:19:53 GMT+0300 (GMT+03:00)-Bad Request Error-BSONError: input must be a 24 character hex string, 12 byte Uint8Array, or an integer","private":true}
{"level":"error","message":"Sun Oct 20 2024 18:20:15 GMT+0300 (GMT+03:00)-Bad Request Error-BSONError: input must be a 24 character hex string, 12 byte Uint8Array, or an integer","private":true}
{"level":"error","message":"Sun Oct 20 2024 18:21:11 GMT+0300 (GMT+03:00)-Bad Request Error-BSONError: input must be a 24 character hex string, 12 byte Uint8Array, or an integer","private":true}
{"level":"error","message":"Sun Oct 20 2024 18:21:28 GMT+0300 (GMT+03:00)-Bad Request Error-BSONError: input must be a 24 character hex string, 12 byte Uint8Array, or an integer","private":true}
{"level":"error","message":"Sun Oct 20 2024 18:21:31 GMT+0300 (GMT+03:00)-Bad Request Error-BSONError: input must be a 24 character hex string, 12 byte Uint8Array, or an integer","private":true}
{"level":"error","message":"Sun Oct 20 2024 18:21:32 GMT+0300 (GMT+03:00)-Bad Request Error-BSONError: input must be a 24 character hex string, 12 byte Uint8Array, or an integer","private":true}
{"level":"error","message":"Sun Oct 20 2024 18:21:34 GMT+0300 (GMT+03:00)-Bad Request Error-BSONError: input must be a 24 character hex string, 12 byte Uint8Array, or an integer","private":true}
{"level":"error","message":"Sun Oct 20 2024 18:21:37 GMT+0300 (GMT+03:00)-Bad Request Error-BSONError: input must be a 24 character hex string, 12 byte Uint8Array, or an integer","private":true}
{"level":"error","message":"Sun Oct 20 2024 18:21:42 GMT+0300 (GMT+03:00)-Bad Request Error-BSONError: input must be a 24 character hex string, 12 byte Uint8Array, or an integer","private":true}
{"level":"error","message":"Sun Oct 20 2024 18:21:45 GMT+0300 (GMT+03:00)-Bad Request Error-BSONError: input must be a 24 character hex string, 12 byte Uint8Array, or an integer","private":true}
{"level":"error","message":"Sun Oct 20 2024 18:21:45 GMT+0300 (GMT+03:00)-Bad Request Error-BSONError: input must be a 24 character hex string, 12 byte Uint8Array, or an integer","private":true}
{"level":"error","message":"Sun Oct 20 2024 18:21:46 GMT+0300 (GMT+03:00)-Bad Request Error-BSONError: input must be a 24 character hex string, 12 byte Uint8Array, or an integer","private":true}
{"level":"error","message":"Sun Oct 20 2024 18:21:47 GMT+0300 (GMT+03:00)-Bad Request Error-BSONError: input must be a 24 character hex string, 12 byte Uint8Array, or an integer","private":true}
{"level":"error","message":"Sun Oct 20 2024 18:22:00 GMT+0300 (GMT+03:00)-Bad Request Error-BSONError: input must be a 24 character hex string, 12 byte Uint8Array, or an integer","private":true}
{"level":"error","message":"Sun Oct 20 2024 18:22:03 GMT+0300 (GMT+03:00)-Bad Request Error-BSONError: input must be a 24 character hex string, 12 byte Uint8Array, or an integer","private":true}
{"level":"error","message":"Sun Oct 20 2024 18:22:03 GMT+0300 (GMT+03:00)-Bad Request Error-BSONError: input must be a 24 character hex string, 12 byte Uint8Array, or an integer","private":true}
{"level":"error","message":"Sun Oct 20 2024 18:22:08 GMT+0300 (GMT+03:00)-Bad Request Error-BSONError: input must be a 24 character hex string, 12 byte Uint8Array, or an integer","private":true}
{"level":"error","message":"Sun Oct 20 2024 18:22:29 GMT+0300 (GMT+03:00)-Bad Request Error-BSONError: input must be a 24 character hex string, 12 byte Uint8Array, or an integer","private":true}
{"level":"error","message":"Sun Oct 20 2024 18:22:30 GMT+0300 (GMT+03:00)-Bad Request Error-BSONError: input must be a 24 character hex string, 12 byte Uint8Array, or an integer","private":true}
{"level":"error","message":"Sun Oct 20 2024 18:22:32 GMT+0300 (GMT+03:00)-Bad Request Error-BSONError: input must be a 24 character hex string, 12 byte Uint8Array, or an integer","private":true}
{"level":"error","message":"Sun Oct 20 2024 18:22:56 GMT+0300 (GMT+03:00)-Bad Request Error-BSONError: input must be a 24 character hex string, 12 byte Uint8Array, or an integer","private":true}
{"level":"error","message":"Sun Oct 20 2024 18:22:57 GMT+0300 (GMT+03:00)-Bad Request Error-BSONError: input must be a 24 character hex string, 12 byte Uint8Array, or an integer","private":true}
{"level":"error","message":"Sun Oct 20 2024 18:22:58 GMT+0300 (GMT+03:00)-Bad Request Error-BSONError: input must be a 24 character hex string, 12 byte Uint8Array, or an integer","private":true}
{"level":"error","message":"Sun Oct 20 2024 18:22:58 GMT+0300 (GMT+03:00)-Bad Request Error-BSONError: input must be a 24 character hex string, 12 byte Uint8Array, or an integer","private":true}
{"level":"error","message":"Sun Oct 20 2024 18:23:04 GMT+0300 (GMT+03:00)-Bad Request Error-BSONError: input must be a 24 character hex string, 12 byte Uint8Array, or an integer","private":true}
{"level":"error","message":"Sun Oct 20 2024 18:23:05 GMT+0300 (GMT+03:00)-Bad Request Error-BSONError: input must be a 24 character hex string, 12 byte Uint8Array, or an integer","private":true}
{"level":"error","message":"Sun Oct 20 2024 18:23:05 GMT+0300 (GMT+03:00)-Bad Request Error-BSONError: input must be a 24 character hex string, 12 byte Uint8Array, or an integer","private":true}
{"level":"error","message":"Sun Oct 20 2024 18:23:06 GMT+0300 (GMT+03:00)-Bad Request Error-BSONError: input must be a 24 character hex string, 12 byte Uint8Array, or an integer","private":true}
{"level":"error","message":"Sun Oct 20 2024 18:23:07 GMT+0300 (GMT+03:00)-Bad Request Error-BSONError: input must be a 24 character hex string, 12 byte Uint8Array, or an integer","private":true}
{"level":"error","message":"Sun Oct 20 2024 18:23:53 GMT+0300 (GMT+03:00)-Bad Request Error-BSONError: input must be a 24 character hex string, 12 byte Uint8Array, or an integer","private":true}
{"level":"error","message":"Sun Oct 20 2024 18:23:53 GMT+0300 (GMT+03:00)-Bad Request Error-BSONError: input must be a 24 character hex string, 12 byte Uint8Array, or an integer","private":true}
{"level":"error","message":"Sun Oct 20 2024 18:24:02 GMT+0300 (GMT+03:00)-Bad Request Error-BSONError: input must be a 24 character hex string, 12 byte Uint8Array, or an integer","private":true}
{"level":"error","message":"Sun Oct 20 2024 18:24:03 GMT+0300 (GMT+03:00)-Bad Request Error-BSONError: input must be a 24 character hex string, 12 byte Uint8Array, or an integer","private":true}
{"level":"error","message":"Sun Oct 20 2024 18:24:03 GMT+0300 (GMT+03:00)-Bad Request Error-BSONError: input must be a 24 character hex string, 12 byte Uint8Array, or an integer","private":true}
{"level":"error","message":"Sun Oct 20 2024 18:24:04 GMT+0300 (GMT+03:00)-Bad Request Error-BSONError: input must be a 24 character hex string, 12 byte Uint8Array, or an integer","private":true}
{"level":"error","message":"Sun Oct 20 2024 18:24:13 GMT+0300 (GMT+03:00)-Bad Request Error-BSONError: input must be a 24 character hex string, 12 byte Uint8Array, or an integer","private":true}
{"level":"error","message":"Sun Oct 20 2024 18:24:32 GMT+0300 (GMT+03:00)-Bad Request Error-BSONError: input must be a 24 character hex string, 12 byte Uint8Array, or an integer","private":true}
{"level":"error","message":"Sun Oct 20 2024 18:24:33 GMT+0300 (GMT+03:00)-Bad Request Error-BSONError: input must be a 24 character hex string, 12 byte Uint8Array, or an integer","private":true}
{"level":"error","message":"Sun Oct 20 2024 18:24:37 GMT+0300 (GMT+03:00)-Bad Request Error-BSONError: input must be a 24 character hex string, 12 byte Uint8Array, or an integer","private":true}
{"level":"error","message":"Sun Oct 20 2024 18:24:51 GMT+0300 (GMT+03:00)-Bad Request Error-BSONError: input must be a 24 character hex string, 12 byte Uint8Array, or an integer","private":true}
{"level":"error","message":"Sun Oct 20 2024 18:24:53 GMT+0300 (GMT+03:00)-Bad Request Error-BSONError: input must be a 24 character hex string, 12 byte Uint8Array, or an integer","private":true}
{"level":"error","message":"Sun Oct 20 2024 18:25:07 GMT+0300 (GMT+03:00)-Bad Request Error-BSONError: input must be a 24 character hex string, 12 byte Uint8Array, or an integer","private":true}
{"level":"error","message":"Sun Oct 20 2024 18:25:25 GMT+0300 (GMT+03:00)-Bad Request Error-BSONError: input must be a 24 character hex string, 12 byte Uint8Array, or an integer","private":true}
{"level":"error","message":"Sun Oct 20 2024 18:25:25 GMT+0300 (GMT+03:00)-Bad Request Error-BSONError: input must be a 24 character hex string, 12 byte Uint8Array, or an integer","private":true}
{"level":"error","message":"Sun Oct 20 2024 18:25:39 GMT+0300 (GMT+03:00)-Bad Request Error-BSONError: input must be a 24 character hex string, 12 byte Uint8Array, or an integer","private":true}
{"level":"error","message":"Sun Oct 20 2024 18:25:39 GMT+0300 (GMT+03:00)-Bad Request Error-BSONError: input must be a 24 character hex string, 12 byte Uint8Array, or an integer","private":true}
{"level":"error","message":"Sun Oct 20 2024 18:25:40 GMT+0300 (GMT+03:00)-Bad Request Error-BSONError: input must be a 24 character hex string, 12 byte Uint8Array, or an integer","private":true}
{"level":"error","message":"Sun Oct 20 2024 18:25:40 GMT+0300 (GMT+03:00)-Bad Request Error-BSONError: input must be a 24 character hex string, 12 byte Uint8Array, or an integer","private":true}
{"level":"error","message":"Sun Oct 20 2024 18:26:44 GMT+0300 (GMT+03:00)-Bad Request Error-BSONError: input must be a 24 character hex string, 12 byte Uint8Array, or an integer","private":true}
{"level":"error","message":"Sun Oct 20 2024 18:27:06 GMT+0300 (GMT+03:00)-Bad Request Error-BSONError: input must be a 24 character hex string, 12 byte Uint8Array, or an integer","private":true}
{"level":"error","message":"Sun Oct 20 2024 18:27:07 GMT+0300 (GMT+03:00)-Bad Request Error-BSONError: input must be a 24 character hex string, 12 byte Uint8Array, or an integer","private":true}
{"level":"error","message":"Sun Oct 20 2024 18:27:07 GMT+0300 (GMT+03:00)-Bad Request Error-BSONError: input must be a 24 character hex string, 12 byte Uint8Array, or an integer","private":true}
{"level":"error","message":"Sun Oct 20 2024 18:27:24 GMT+0300 (GMT+03:00)-Bad Request Error-BSONError: input must be a 24 character hex string, 12 byte Uint8Array, or an integer","private":true}
{"level":"error","message":"Sun Oct 20 2024 18:27:25 GMT+0300 (GMT+03:00)-Bad Request Error-BSONError: input must be a 24 character hex string, 12 byte Uint8Array, or an integer","private":true}
{"level":"error","message":"Sun Oct 20 2024 18:27:26 GMT+0300 (GMT+03:00)-Bad Request Error-BSONError: input must be a 24 character hex string, 12 byte Uint8Array, or an integer","private":true}
{"level":"error","message":"Sun Oct 20 2024 18:27:26 GMT+0300 (GMT+03:00)-Bad Request Error-BSONError: input must be a 24 character hex string, 12 byte Uint8Array, or an integer","private":true}
{"level":"error","message":"Sun Oct 20 2024 18:27:27 GMT+0300 (GMT+03:00)-Bad Request Error-BSONError: input must be a 24 character hex string, 12 byte Uint8Array, or an integer","private":true}
{"level":"error","message":"Sun Oct 20 2024 18:27:30 GMT+0300 (GMT+03:00)-Bad Request Error-BSONError: input must be a 24 character hex string, 12 byte Uint8Array, or an integer","private":true}
{"level":"error","message":"Sun Oct 20 2024 18:27:31 GMT+0300 (GMT+03:00)-Bad Request Error-BSONError: input must be a 24 character hex string, 12 byte Uint8Array, or an integer","private":true}
{"level":"error","message":"Sun Oct 20 2024 18:27:34 GMT+0300 (GMT+03:00)-Bad Request Error-BSONError: input must be a 24 character hex string, 12 byte Uint8Array, or an integer","private":true}
{"level":"error","message":"Sun Oct 20 2024 18:27:35 GMT+0300 (GMT+03:00)-Bad Request Error-BSONError: input must be a 24 character hex string, 12 byte Uint8Array, or an integer","private":true}
{"level":"error","message":"Sun Oct 20 2024 18:27:48 GMT+0300 (GMT+03:00)-Bad Request Error-BSONError: input must be a 24 character hex string, 12 byte Uint8Array, or an integer","private":true}
{"level":"error","message":"Sun Oct 20 2024 18:27:49 GMT+0300 (GMT+03:00)-Bad Request Error-BSONError: input must be a 24 character hex string, 12 byte Uint8Array, or an integer","private":true}
{"level":"error","message":"Sun Oct 20 2024 18:27:59 GMT+0300 (GMT+03:00)-Bad Request Error-BSONError: input must be a 24 character hex string, 12 byte Uint8Array, or an integer","private":true}
{"level":"error","message":"Sun Oct 20 2024 18:28:16 GMT+0300 (GMT+03:00)-Bad Request Error-BSONError: input must be a 24 character hex string, 12 byte Uint8Array, or an integer","private":true}
{"level":"error","message":"Sun Oct 20 2024 18:28:17 GMT+0300 (GMT+03:00)-Bad Request Error-BSONError: input must be a 24 character hex string, 12 byte Uint8Array, or an integer","private":true}
{"level":"error","message":"Sun Oct 20 2024 18:29:10 GMT+0300 (GMT+03:00)-Bad Request Error-BSONError: input must be a 24 character hex string, 12 byte Uint8Array, or an integer","private":true}
{"level":"error","message":"Sun Oct 20 2024 18:30:14 GMT+0300 (GMT+03:00)-Bad Request Error-BSONError: input must be a 24 character hex string, 12 byte Uint8Array, or an integer","private":true}
{"level":"error","message":"Sun Oct 20 2024 18:31:21 GMT+0300 (GMT+03:00)-Bad Request Error-BSONError: input must be a 24 character hex string, 12 byte Uint8Array, or an integer","private":true}
{"level":"error","message":"Sun Oct 20 2024 18:32:52 GMT+0300 (GMT+03:00)-Bad Request Error-BSONError: input must be a 24 character hex string, 12 byte Uint8Array, or an integer","private":true}
{"level":"error","message":"Sun Oct 20 2024 18:32:53 GMT+0300 (GMT+03:00)-Bad Request Error-BSONError: input must be a 24 character hex string, 12 byte Uint8Array, or an integer","private":true}
{"level":"error","message":"Sun Oct 20 2024 18:32:54 GMT+0300 (GMT+03:00)-Bad Request Error-BSONError: input must be a 24 character hex string, 12 byte Uint8Array, or an integer","private":true}
{"level":"error","message":"Sun Oct 20 2024 18:34:10 GMT+0300 (GMT+03:00)-Bad Request Error-BSONError: input must be a 24 character hex string, 12 byte Uint8Array, or an integer","private":true}
{"level":"error","message":"Sun Oct 20 2024 18:34:11 GMT+0300 (GMT+03:00)-Bad Request Error-BSONError: input must be a 24 character hex string, 12 byte Uint8Array, or an integer","private":true}
{"level":"error","message":"Sun Oct 20 2024 21:15:15 GMT+0300 (GMT+03:00)-Bad Request Error-Duplicated email in body.","private":true}
{"level":"error","message":"Mon Oct 21 2024 19:01:19 GMT+0300 (GMT+03:00)-Bad Request Error-BSONError: input must be a 24 character hex string, 12 byte Uint8Array, or an integer","private":true}
{"level":"error","message":"Mon Oct 21 2024 19:01:20 GMT+0300 (GMT+03:00)-Bad Request Error-BSONError: input must be a 24 character hex string, 12 byte Uint8Array, or an integer","private":true}
{"level":"error","message":"Mon Oct 21 2024 19:01:20 GMT+0300 (GMT+03:00)-Bad Request Error-BSONError: input must be a 24 character hex string, 12 byte Uint8Array, or an integer","private":true}
{"level":"error","message":"Mon Oct 21 2024 19:01:21 GMT+0300 (GMT+03:00)-Bad Request Error-BSONError: input must be a 24 character hex string, 12 byte Uint8Array, or an integer","private":true}
{"level":"error","message":"Mon Oct 21 2024 19:01:21 GMT+0300 (GMT+03:00)-Bad Request Error-BSONError: input must be a 24 character hex string, 12 byte Uint8Array, or an integer","private":true}
{"level":"error","message":"Mon Oct 21 2024 21:27:07 GMT+0300 (GMT+03:00)-Bad Request Error-Duplicated email in body.","private":true}
{"level":"error","message":"Mon Oct 21 2024 21:27:08 GMT+0300 (GMT+03:00)-Bad Request Error-Duplicated email in body.","private":true}
{"level":"error","message":"Mon Oct 21 2024 21:27:09 GMT+0300 (GMT+03:00)-Bad Request Error-Duplicated email in body.","private":true}
{"level":"error","message":"Mon Oct 21 2024 21:27:37 GMT+0300 (GMT+03:00)-Bad Request Error-Duplicated email in body.","private":true}
{"level":"error","message":"Mon Oct 21 2024 21:27:37 GMT+0300 (GMT+03:00)-Bad Request Error-Duplicated email in body.","private":true}
{"level":"error","message":"Mon Oct 21 2024 21:27:38 GMT+0300 (GMT+03:00)-Bad Request Error-Duplicated email in body.","private":true}
{"level":"error","message":"Mon Oct 21 2024 21:27:39 GMT+0300 (GMT+03:00)-Bad Request Error-Duplicated email in body.","private":true}
{"level":"error","message":"Mon Oct 21 2024 21:27:40 GMT+0300 (GMT+03:00)-Bad Request Error-Duplicated email in body.","private":true}
{"level":"error","message":"Mon Oct 21 2024 21:27:40 GMT+0300 (GMT+03:00)-Bad Request Error-Duplicated email in body.","private":true}
{"level":"error","message":"Mon Oct 21 2024 21:27:41 GMT+0300 (GMT+03:00)-Bad Request Error-Duplicated email in body.","private":true}
{"level":"error","message":"Mon Oct 21 2024 21:27:42 GMT+0300 (GMT+03:00)-Bad Request Error-Duplicated email in body.","private":true}
{"level":"error","message":"Mon Oct 21 2024 21:27:42 GMT+0300 (GMT+03:00)-Bad Request Error-Duplicated email in body.","private":true}
{"level":"error","message":"Mon Oct 21 2024 21:27:43 GMT+0300 (GMT+03:00)-Bad Request Error-Duplicated email in body.","private":true}
{"level":"error","message":"Mon Oct 21 2024 21:27:43 GMT+0300 (GMT+03:00)-Bad Request Error-Duplicated email in body.","private":true}
{"level":"error","message":"Mon Oct 21 2024 21:27:44 GMT+0300 (GMT+03:00)-Bad Request Error-Duplicated email in body.","private":true}
{"level":"error","message":"Mon Oct 21 2024 21:27:44 GMT+0300 (GMT+03:00)-Bad Request Error-Duplicated email in body.","private":true}
